# JRE version: Java(TM) SE Runtime Environment (8.0_131-b11) (build 1.8.0_131-b11)
# Java VM: Java HotSpot(TM) 64-Bit Server VM (25.131-b11 mixed mode windows-amd64 compressed oops)
Heap:
 PSYoungGen      total 64512K, used 17450K [0x00000000d6f00000, 0x00000000df400000, 0x0000000100000000)
  eden space 59392K, 20% used [0x00000000d6f00000,0x00000000d7b0bc98,0x00000000da900000)
  from space 5120K, 99% used [0x00000000db200000,0x00000000db6febd0,0x00000000db700000)
  to   space 9216K, 0% used [0x00000000da900000,0x00000000da900000,0x00000000db200000)
 ParOldGen       total 47616K, used 10425K [0x0000000084c00000, 0x0000000087a80000, 0x00000000d6f00000)
  object space 47616K, 21% used [0x0000000084c00000,0x000000008562e580,0x0000000087a80000)
 Metaspace       used 25094K, capacity 25800K, committed 26032K, reserved 1071104K
  class space    used 3222K, capacity 3394K, committed 3504K, reserved 1048576K
GC Heap History (10 events):
Event: 4.034 GC heap before
{Heap before GC invocations=3 (full 0):
 PSYoungGen      total 36864K, used 36746K [0x00000000d6f00000, 0x00000000d9800000, 0x0000000100000000)
  eden space 31744K, 100% used [0x00000000d6f00000,0x00000000d8e00000,0x00000000d8e00000)
  from space 5120K, 97% used [0x00000000d9300000,0x00000000d97e2a48,0x00000000d9800000)
  to   space 5120K, 0% used [0x00000000d8e00000,0x00000000d8e00000,0x00000000d9300000)
 ParOldGen       total 84992K, used 16K [0x0000000084c00000, 0x0000000089f00000, 0x00000000d6f00000)
  object space 84992K, 0% used [0x0000000084c00000,0x0000000084c04000,0x0000000089f00000)
 Metaspace       used 13857K, capacity 14300K, committed 14464K, reserved 1062912K
  class space    used 1774K, capacity 1909K, committed 1920K, reserved 1048576K
Event: 4.054 GC heap after
Heap after GC invocations=3 (full 0):
 PSYoungGen      total 36864K, used 5093K [0x00000000d6f00000, 0x00000000db700000, 0x0000000100000000)
  eden space 31744K, 0% used [0x00000000d6f00000,0x00000000d6f00000,0x00000000d8e00000)
  from space 5120K, 99% used [0x00000000d8e00000,0x00000000d92f9650,0x00000000d9300000)
  to   space 5120K, 0% used [0x00000000db200000,0x00000000db200000,0x00000000db700000)
 ParOldGen       total 84992K, used 360K [0x0000000084c00000, 0x0000000089f00000, 0x00000000d6f00000)
  object space 84992K, 0% used [0x0000000084c00000,0x0000000084c5a000,0x0000000089f00000)
 Metaspace       used 13857K, capacity 14300K, committed 14464K, reserved 1062912K
  class space    used 1774K, capacity 1909K, committed 1920K, reserved 1048576K
}
Event: 4.192 GC heap before
{Heap before GC invocations=4 (full 0):
 PSYoungGen      total 36864K, used 36837K [0x00000000d6f00000, 0x00000000db700000, 0x0000000100000000)
  eden space 31744K, 100% used [0x00000000d6f00000,0x00000000d8e00000,0x00000000d8e00000)
  from space 5120K, 99% used [0x00000000d8e00000,0x00000000d92f9650,0x00000000d9300000)
  to   space 5120K, 0% used [0x00000000db200000,0x00000000db200000,0x00000000db700000)
 ParOldGen       total 84992K, used 360K [0x0000000084c00000, 0x0000000089f00000, 0x00000000d6f00000)
  object space 84992K, 0% used [0x0000000084c00000,0x0000000084c5a000,0x0000000089f00000)
 Metaspace       used 17050K, capacity 17578K, committed 17792K, reserved 1064960K
  class space    used 2167K, capacity 2314K, committed 2432K, reserved 1048576K
Event: 4.198 GC heap after
Heap after GC invocations=4 (full 0):
 PSYoungGen      total 68608K, used 5115K [0x00000000d6f00000, 0x00000000db700000, 0x0000000100000000)
  eden space 63488K, 0% used [0x00000000d6f00000,0x00000000d6f00000,0x00000000dad00000)
  from space 5120K, 99% used [0x00000000db200000,0x00000000db6fee70,0x00000000db700000)
  to   space 5120K, 0% used [0x00000000dad00000,0x00000000dad00000,0x00000000db200000)
 ParOldGen       total 84992K, used 2298K [0x0000000084c00000, 0x0000000089f00000, 0x00000000d6f00000)
  object space 84992K, 2% used [0x0000000084c00000,0x0000000084e3eba0,0x0000000089f00000)
 Metaspace       used 17050K, capacity 17578K, committed 17792K, reserved 1064960K
  class space    used 2167K, capacity 2314K, committed 2432K, reserved 1048576K
}
Event: 4.452 GC heap before
{Heap before GC invocations=5 (full 0):
 PSYoungGen      total 68608K, used 46280K [0x00000000d6f00000, 0x00000000db700000, 0x0000000100000000)
  eden space 63488K, 64% used [0x00000000d6f00000,0x00000000d97333b8,0x00000000dad00000)
  from space 5120K, 99% used [0x00000000db200000,0x00000000db6fee70,0x00000000db700000)
  to   space 5120K, 0% used [0x00000000dad00000,0x00000000dad00000,0x00000000db200000)
 ParOldGen       total 84992K, used 2298K [0x0000000084c00000, 0x0000000089f00000, 0x00000000d6f00000)
  object space 84992K, 2% used [0x0000000084c00000,0x0000000084e3eba0,0x0000000089f00000)
 Metaspace       used 20638K, capacity 21180K, committed 21296K, reserved 1067008K
  class space    used 2672K, capacity 2835K, committed 2864K, reserved 1048576K
Event: 4.460 GC heap after
Heap after GC invocations=5 (full 0):
 PSYoungGen      total 68608K, used 5108K [0x00000000d6f00000, 0x00000000db700000, 0x0000000100000000)
  eden space 63488K, 0% used [0x00000000d6f00000,0x00000000d6f00000,0x00000000dad00000)
  from space 5120K, 99% used [0x00000000dad00000,0x00000000db1fd058,0x00000000db200000)
  to   space 5120K, 0% used [0x00000000db200000,0x00000000db200000,0x00000000db700000)
 ParOldGen       total 84992K, used 5203K [0x0000000084c00000, 0x0000000089f00000, 0x00000000d6f00000)
  object space 84992K, 6% used [0x0000000084c00000,0x0000000085114f58,0x0000000089f00000)
 Metaspace       used 20638K, capacity 21180K, committed 21296K, reserved 1067008K
  class space    used 2672K, capacity 2835K, committed 2864K, reserved 1048576K
}
Event: 4.460 GC heap before
{Heap before GC invocations=6 (full 1):
 PSYoungGen      total 68608K, used 5108K [0x00000000d6f00000, 0x00000000db700000, 0x0000000100000000)
  eden space 63488K, 0% used [0x00000000d6f00000,0x00000000d6f00000,0x00000000dad00000)
  from space 5120K, 99% used [0x00000000dad00000,0x00000000db1fd058,0x00000000db200000)
  to   space 5120K, 0% used [0x00000000db200000,0x00000000db200000,0x00000000db700000)
 ParOldGen       total 84992K, used 5203K [0x0000000084c00000, 0x0000000089f00000, 0x00000000d6f00000)
  object space 84992K, 6% used [0x0000000084c00000,0x0000000085114f58,0x0000000089f00000)
 Metaspace       used 20638K, capacity 21180K, committed 21296K, reserved 1067008K
  class space    used 2672K, capacity 2835K, committed 2864K, reserved 1048576K
Event: 4.485 GC heap after
Heap after GC invocations=6 (full 1):
 PSYoungGen      total 68608K, used 0K [0x00000000d6f00000, 0x00000000db700000, 0x0000000100000000)
  eden space 63488K, 0% used [0x00000000d6f00000,0x00000000d6f00000,0x00000000dad00000)
  from space 5120K, 0% used [0x00000000dad00000,0x00000000dad00000,0x00000000db200000)
  to   space 5120K, 0% used [0x00000000db200000,0x00000000db200000,0x00000000db700000)
 ParOldGen       total 47616K, used 7793K [0x0000000084c00000, 0x0000000087a80000, 0x00000000d6f00000)
  object space 47616K, 16% used [0x0000000084c00000,0x000000008539c718,0x0000000087a80000)
 Metaspace       used 20638K, capacity 21180K, committed 21296K, reserved 1067008K
  class space    used 2672K, capacity 2835K, committed 2864K, reserved 1048576K
}
Event: 5.287 GC heap before
{Heap before GC invocations=7 (full 1):
 PSYoungGen      total 68608K, used 63488K [0x00000000d6f00000, 0x00000000db700000, 0x0000000100000000)
  eden space 63488K, 100% used [0x00000000d6f00000,0x00000000dad00000,0x00000000dad00000)
  from space 5120K, 0% used [0x00000000dad00000,0x00000000dad00000,0x00000000db200000)
  to   space 5120K, 0% used [0x00000000db200000,0x00000000db200000,0x00000000db700000)
 ParOldGen       total 47616K, used 7793K [0x0000000084c00000, 0x0000000087a80000, 0x00000000d6f00000)
  object space 47616K, 16% used [0x0000000084c00000,0x000000008539c718,0x0000000087a80000)
 Metaspace       used 25013K, capacity 25712K, committed 26032K, reserved 1071104K
  class space    used 3210K, capacity 3390K, committed 3504K, reserved 1048576K
Event: 5.298 GC heap after
Heap after GC invocations=7 (full 1):
 PSYoungGen      total 64512K, used 5114K [0x00000000d6f00000, 0x00000000df400000, 0x0000000100000000)
  eden space 59392K, 0% used [0x00000000d6f00000,0x00000000d6f00000,0x00000000da900000)
  from space 5120K, 99% used [0x00000000db200000,0x00000000db6febd0,0x00000000db700000)
  to   space 9216K, 0% used [0x00000000da900000,0x00000000da900000,0x00000000db200000)
 ParOldGen       total 47616K, used 10425K [0x0000000084c00000, 0x0000000087a80000, 0x00000000d6f00000)
  object space 47616K, 21% used [0x0000000084c00000,0x000000008562e580,0x0000000087a80000)
 Metaspace       used 25013K, capacity 25712K, committed 26032K, reserved 1071104K
  class space    used 3210K, capacity 3390K, committed 3504K, reserved 1048576K
}

