# JRE version: Java(TM) SE Runtime Environment (8.0_131-b11) (build 1.8.0_131-b11)
# Java VM: Java HotSpot(TM) 64-Bit Server VM (25.131-b11 mixed mode windows-amd64 compressed oops)
Heap:
 PSYoungGen      total 64000K, used 13225K [0x00000000d6f00000, 0x00000000df280000, 0x0000000100000000)
  eden space 58880K, 13% used [0x00000000d6f00000,0x00000000d76ef968,0x00000000da880000)
  from space 5120K, 99% used [0x00000000db200000,0x00000000db6fabc0,0x00000000db700000)
  to   space 9728K, 0% used [0x00000000da880000,0x00000000da880000,0x00000000db200000)
 ParOldGen       total 50176K, used 10692K [0x0000000084c00000, 0x0000000087d00000, 0x00000000d6f00000)
  object space 50176K, 21% used [0x0000000084c00000,0x00000000856713d0,0x0000000087d00000)
 Metaspace       used 25127K, capacity 25774K, committed 26032K, reserved 1071104K
  class space    used 3233K, capacity 3391K, committed 3504K, reserved 1048576K
GC Heap History (10 events):
Event: 3.850 GC heap before
{Heap before GC invocations=3 (full 0):
 PSYoungGen      total 36864K, used 36657K [0x00000000d6f00000, 0x00000000db700000, 0x0000000100000000)
  eden space 31744K, 100% used [0x00000000d6f00000,0x00000000d8e00000,0x00000000d8e00000)
  from space 5120K, 95% used [0x00000000d9300000,0x00000000d97cc4d8,0x00000000d9800000)
  to   space 5120K, 0% used [0x00000000d8e00000,0x00000000d8e00000,0x00000000d9300000)
 ParOldGen       total 84992K, used 24K [0x0000000084c00000, 0x0000000089f00000, 0x00000000d6f00000)
  object space 84992K, 0% used [0x0000000084c00000,0x0000000084c06000,0x0000000089f00000)
 Metaspace       used 13851K, capacity 14312K, committed 14592K, reserved 1062912K
  class space    used 1796K, capacity 1943K, committed 2048K, reserved 1048576K
Event: 3.854 GC heap after
Heap after GC invocations=3 (full 0):
 PSYoungGen      total 36864K, used 5090K [0x00000000d6f00000, 0x00000000db700000, 0x0000000100000000)
  eden space 31744K, 0% used [0x00000000d6f00000,0x00000000d6f00000,0x00000000d8e00000)
  from space 5120K, 99% used [0x00000000d8e00000,0x00000000d92f8a70,0x00000000d9300000)
  to   space 5120K, 0% used [0x00000000db200000,0x00000000db200000,0x00000000db700000)
 ParOldGen       total 84992K, used 330K [0x0000000084c00000, 0x0000000089f00000, 0x00000000d6f00000)
  object space 84992K, 0% used [0x0000000084c00000,0x0000000084c52ba8,0x0000000089f00000)
 Metaspace       used 13851K, capacity 14312K, committed 14592K, reserved 1062912K
  class space    used 1796K, capacity 1943K, committed 2048K, reserved 1048576K
}
Event: 4.084 GC heap before
{Heap before GC invocations=4 (full 0):
 PSYoungGen      total 36864K, used 36834K [0x00000000d6f00000, 0x00000000db700000, 0x0000000100000000)
  eden space 31744K, 100% used [0x00000000d6f00000,0x00000000d8e00000,0x00000000d8e00000)
  from space 5120K, 99% used [0x00000000d8e00000,0x00000000d92f8a70,0x00000000d9300000)
  to   space 5120K, 0% used [0x00000000db200000,0x00000000db200000,0x00000000db700000)
 ParOldGen       total 84992K, used 330K [0x0000000084c00000, 0x0000000089f00000, 0x00000000d6f00000)
  object space 84992K, 0% used [0x0000000084c00000,0x0000000084c52ba8,0x0000000089f00000)
 Metaspace       used 16849K, capacity 17396K, committed 17792K, reserved 1064960K
  class space    used 2185K, capacity 2321K, committed 2432K, reserved 1048576K
Event: 4.090 GC heap after
Heap after GC invocations=4 (full 0):
 PSYoungGen      total 68608K, used 5097K [0x00000000d6f00000, 0x00000000db700000, 0x0000000100000000)
  eden space 63488K, 0% used [0x00000000d6f00000,0x00000000d6f00000,0x00000000dad00000)
  from space 5120K, 99% used [0x00000000db200000,0x00000000db6fa438,0x00000000db700000)
  to   space 5120K, 0% used [0x00000000dad00000,0x00000000dad00000,0x00000000db200000)
 ParOldGen       total 84992K, used 2152K [0x0000000084c00000, 0x0000000089f00000, 0x00000000d6f00000)
  object space 84992K, 2% used [0x0000000084c00000,0x0000000084e1a1e8,0x0000000089f00000)
 Metaspace       used 16849K, capacity 17396K, committed 17792K, reserved 1064960K
  class space    used 2185K, capacity 2321K, committed 2432K, reserved 1048576K
}
Event: 4.294 GC heap before
{Heap before GC invocations=5 (full 0):
 PSYoungGen      total 68608K, used 46515K [0x00000000d6f00000, 0x00000000db700000, 0x0000000100000000)
  eden space 63488K, 65% used [0x00000000d6f00000,0x00000000d9772bb0,0x00000000dad00000)
  from space 5120K, 99% used [0x00000000db200000,0x00000000db6fa438,0x00000000db700000)
  to   space 5120K, 0% used [0x00000000dad00000,0x00000000dad00000,0x00000000db200000)
 ParOldGen       total 84992K, used 2152K [0x0000000084c00000, 0x0000000089f00000, 0x00000000d6f00000)
  object space 84992K, 2% used [0x0000000084c00000,0x0000000084e1a1e8,0x0000000089f00000)
 Metaspace       used 20667K, capacity 21172K, committed 21296K, reserved 1067008K
  class space    used 2684K, capacity 2835K, committed 2864K, reserved 1048576K
Event: 4.301 GC heap after
Heap after GC invocations=5 (full 0):
 PSYoungGen      total 68608K, used 5107K [0x00000000d6f00000, 0x00000000db700000, 0x0000000100000000)
  eden space 63488K, 0% used [0x00000000d6f00000,0x00000000d6f00000,0x00000000dad00000)
  from space 5120K, 99% used [0x00000000dad00000,0x00000000db1fcde0,0x00000000db200000)
  to   space 5120K, 0% used [0x00000000db200000,0x00000000db200000,0x00000000db700000)
 ParOldGen       total 84992K, used 5376K [0x0000000084c00000, 0x0000000089f00000, 0x00000000d6f00000)
  object space 84992K, 6% used [0x0000000084c00000,0x0000000085140218,0x0000000089f00000)
 Metaspace       used 20667K, capacity 21172K, committed 21296K, reserved 1067008K
  class space    used 2684K, capacity 2835K, committed 2864K, reserved 1048576K
}
Event: 4.301 GC heap before
{Heap before GC invocations=6 (full 1):
 PSYoungGen      total 68608K, used 5107K [0x00000000d6f00000, 0x00000000db700000, 0x0000000100000000)
  eden space 63488K, 0% used [0x00000000d6f00000,0x00000000d6f00000,0x00000000dad00000)
  from space 5120K, 99% used [0x00000000dad00000,0x00000000db1fcde0,0x00000000db200000)
  to   space 5120K, 0% used [0x00000000db200000,0x00000000db200000,0x00000000db700000)
 ParOldGen       total 84992K, used 5376K [0x0000000084c00000, 0x0000000089f00000, 0x00000000d6f00000)
  object space 84992K, 6% used [0x0000000084c00000,0x0000000085140218,0x0000000089f00000)
 Metaspace       used 20667K, capacity 21172K, committed 21296K, reserved 1067008K
  class space    used 2684K, capacity 2835K, committed 2864K, reserved 1048576K
Event: 4.323 GC heap after
Heap after GC invocations=6 (full 1):
 PSYoungGen      total 68608K, used 0K [0x00000000d6f00000, 0x00000000db700000, 0x0000000100000000)
  eden space 63488K, 0% used [0x00000000d6f00000,0x00000000d6f00000,0x00000000dad00000)
  from space 5120K, 0% used [0x00000000dad00000,0x00000000dad00000,0x00000000db200000)
  to   space 5120K, 0% used [0x00000000db200000,0x00000000db200000,0x00000000db700000)
 ParOldGen       total 50176K, used 8059K [0x0000000084c00000, 0x0000000087d00000, 0x00000000d6f00000)
  object space 50176K, 16% used [0x0000000084c00000,0x00000000853deec8,0x0000000087d00000)
 Metaspace       used 20667K, capacity 21172K, committed 21296K, reserved 1067008K
  class space    used 2684K, capacity 2835K, committed 2864K, reserved 1048576K
}
Event: 5.011 GC heap before
{Heap before GC invocations=7 (full 1):
 PSYoungGen      total 68608K, used 63488K [0x00000000d6f00000, 0x00000000db700000, 0x0000000100000000)
  eden space 63488K, 100% used [0x00000000d6f00000,0x00000000dad00000,0x00000000dad00000)
  from space 5120K, 0% used [0x00000000dad00000,0x00000000dad00000,0x00000000db200000)
  to   space 5120K, 0% used [0x00000000db200000,0x00000000db200000,0x00000000db700000)
 ParOldGen       total 50176K, used 8059K [0x0000000084c00000, 0x0000000087d00000, 0x00000000d6f00000)
  object space 50176K, 16% used [0x0000000084c00000,0x00000000853deec8,0x0000000087d00000)
 Metaspace       used 25068K, capacity 25704K, committed 26032K, reserved 1071104K
  class space    used 3224K, capacity 3390K, committed 3504K, reserved 1048576K
Event: 5.032 GC heap after
Heap after GC invocations=7 (full 1):
 PSYoungGen      total 64000K, used 5098K [0x00000000d6f00000, 0x00000000df280000, 0x0000000100000000)
  eden space 58880K, 0% used [0x00000000d6f00000,0x00000000d6f00000,0x00000000da880000)
  from space 5120K, 99% used [0x00000000db200000,0x00000000db6fabc0,0x00000000db700000)
  to   space 9728K, 0% used [0x00000000da880000,0x00000000da880000,0x00000000db200000)
 ParOldGen       total 50176K, used 10692K [0x0000000084c00000, 0x0000000087d00000, 0x00000000d6f00000)
  object space 50176K, 21% used [0x0000000084c00000,0x00000000856713d0,0x0000000087d00000)
 Metaspace       used 25068K, capacity 25704K, committed 26032K, reserved 1071104K
  class space    used 3224K, capacity 3390K, committed 3504K, reserved 1048576K
}

