# JRE version: Java(TM) SE Runtime Environment (8.0_131-b11) (build 1.8.0_131-b11)
# Java VM: Java HotSpot(TM) 64-Bit Server VM (25.131-b11 mixed mode windows-amd64 compressed oops)
Heap:
 PSYoungGen      total 68608K, used 5115K [0x00000000d6f00000, 0x00000000db700000, 0x0000000100000000)
  eden space 63488K, 0% used [0x00000000d6f00000,0x00000000d6f00048,0x00000000dad00000)
  from space 5120K, 99% used [0x00000000db200000,0x00000000db6febc0,0x00000000db700000)
  to   space 5120K, 0% used [0x00000000dad00000,0x00000000dad00000,0x00000000db200000)
 ParOldGen       total 44544K, used 10195K [0x0000000084c00000, 0x0000000087780000, 0x00000000d6f00000)
  object space 44544K, 22% used [0x0000000084c00000,0x00000000855f4da0,0x0000000087780000)
 Metaspace       used 24923K, capacity 25540K, committed 25648K, reserved 1071104K
  class space    used 3204K, capacity 3356K, committed 3376K, reserved 1048576K
GC Heap History (10 events):
Event: 4.159 GC heap after
Heap after GC invocations=2 (full 0):
 PSYoungGen      total 36864K, used 4932K [0x00000000d6f00000, 0x00000000db700000, 0x0000000100000000)
  eden space 31744K, 0% used [0x00000000d6f00000,0x00000000d6f00000,0x00000000d8e00000)
  from space 5120K, 96% used [0x00000000d9300000,0x00000000d97d11b0,0x00000000d9800000)
  to   space 5120K, 0% used [0x00000000d8e00000,0x00000000d8e00000,0x00000000d9300000)
 ParOldGen       total 84992K, used 16K [0x0000000084c00000, 0x0000000089f00000, 0x00000000d6f00000)
  object space 84992K, 0% used [0x0000000084c00000,0x0000000084c04000,0x0000000089f00000)
 Metaspace       used 11511K, capacity 11918K, committed 12032K, reserved 1060864K
  class space    used 1371K, capacity 1492K, committed 1536K, reserved 1048576K
}
Event: 4.617 GC heap before
{Heap before GC invocations=3 (full 0):
 PSYoungGen      total 36864K, used 36676K [0x00000000d6f00000, 0x00000000db700000, 0x0000000100000000)
  eden space 31744K, 100% used [0x00000000d6f00000,0x00000000d8e00000,0x00000000d8e00000)
  from space 5120K, 96% used [0x00000000d9300000,0x00000000d97d11b0,0x00000000d9800000)
  to   space 5120K, 0% used [0x00000000d8e00000,0x00000000d8e00000,0x00000000d9300000)
 ParOldGen       total 84992K, used 16K [0x0000000084c00000, 0x0000000089f00000, 0x00000000d6f00000)
  object space 84992K, 0% used [0x0000000084c00000,0x0000000084c04000,0x0000000089f00000)
 Metaspace       used 13827K, capacity 14296K, committed 14464K, reserved 1062912K
  class space    used 1781K, capacity 1909K, committed 1920K, reserved 1048576K
Event: 4.634 GC heap after
Heap after GC invocations=3 (full 0):
 PSYoungGen      total 36864K, used 5102K [0x00000000d6f00000, 0x00000000db700000, 0x0000000100000000)
  eden space 31744K, 0% used [0x00000000d6f00000,0x00000000d6f00000,0x00000000d8e00000)
  from space 5120K, 99% used [0x00000000d8e00000,0x00000000d92fb890,0x00000000d9300000)
  to   space 5120K, 0% used [0x00000000db200000,0x00000000db200000,0x00000000db700000)
 ParOldGen       total 84992K, used 351K [0x0000000084c00000, 0x0000000089f00000, 0x00000000d6f00000)
  object space 84992K, 0% used [0x0000000084c00000,0x0000000084c57c20,0x0000000089f00000)
 Metaspace       used 13827K, capacity 14296K, committed 14464K, reserved 1062912K
  class space    used 1781K, capacity 1909K, committed 1920K, reserved 1048576K
}
Event: 5.074 GC heap before
{Heap before GC invocations=4 (full 0):
 PSYoungGen      total 36864K, used 36846K [0x00000000d6f00000, 0x00000000db700000, 0x0000000100000000)
  eden space 31744K, 100% used [0x00000000d6f00000,0x00000000d8e00000,0x00000000d8e00000)
  from space 5120K, 99% used [0x00000000d8e00000,0x00000000d92fb890,0x00000000d9300000)
  to   space 5120K, 0% used [0x00000000db200000,0x00000000db200000,0x00000000db700000)
 ParOldGen       total 84992K, used 351K [0x0000000084c00000, 0x0000000089f00000, 0x00000000d6f00000)
  object space 84992K, 0% used [0x0000000084c00000,0x0000000084c57c20,0x0000000089f00000)
 Metaspace       used 17091K, capacity 17574K, committed 17792K, reserved 1064960K
  class space    used 2170K, capacity 2314K, committed 2432K, reserved 1048576K
Event: 5.107 GC heap after
Heap after GC invocations=4 (full 0):
 PSYoungGen      total 68608K, used 5111K [0x00000000d6f00000, 0x00000000db700000, 0x0000000100000000)
  eden space 63488K, 0% used [0x00000000d6f00000,0x00000000d6f00000,0x00000000dad00000)
  from space 5120K, 99% used [0x00000000db200000,0x00000000db6fde40,0x00000000db700000)
  to   space 5120K, 0% used [0x00000000dad00000,0x00000000dad00000,0x00000000db200000)
 ParOldGen       total 84992K, used 2260K [0x0000000084c00000, 0x0000000089f00000, 0x00000000d6f00000)
  object space 84992K, 2% used [0x0000000084c00000,0x0000000084e35378,0x0000000089f00000)
 Metaspace       used 17091K, capacity 17574K, committed 17792K, reserved 1064960K
  class space    used 2170K, capacity 2314K, committed 2432K, reserved 1048576K
}
Event: 5.849 GC heap before
{Heap before GC invocations=5 (full 0):
 PSYoungGen      total 68608K, used 44058K [0x00000000d6f00000, 0x00000000db700000, 0x0000000100000000)
  eden space 63488K, 61% used [0x00000000d6f00000,0x00000000d9508a78,0x00000000dad00000)
  from space 5120K, 99% used [0x00000000db200000,0x00000000db6fde40,0x00000000db700000)
  to   space 5120K, 0% used [0x00000000dad00000,0x00000000dad00000,0x00000000db200000)
 ParOldGen       total 84992K, used 2260K [0x0000000084c00000, 0x0000000089f00000, 0x00000000d6f00000)
  object space 84992K, 2% used [0x0000000084c00000,0x0000000084e35378,0x0000000089f00000)
 Metaspace       used 20690K, capacity 21176K, committed 21296K, reserved 1067008K
  class space    used 2679K, capacity 2833K, committed 2864K, reserved 1048576K
Event: 5.862 GC heap after
Heap after GC invocations=5 (full 0):
 PSYoungGen      total 68608K, used 5108K [0x00000000d6f00000, 0x00000000db700000, 0x0000000100000000)
  eden space 63488K, 0% used [0x00000000d6f00000,0x00000000d6f00000,0x00000000dad00000)
  from space 5120K, 99% used [0x00000000dad00000,0x00000000db1fd058,0x00000000db200000)
  to   space 5120K, 0% used [0x00000000db200000,0x00000000db200000,0x00000000db700000)
 ParOldGen       total 84992K, used 4926K [0x0000000084c00000, 0x0000000089f00000, 0x00000000d6f00000)
  object space 84992K, 5% used [0x0000000084c00000,0x00000000850cfb60,0x0000000089f00000)
 Metaspace       used 20690K, capacity 21176K, committed 21296K, reserved 1067008K
  class space    used 2679K, capacity 2833K, committed 2864K, reserved 1048576K
}
Event: 5.862 GC heap before
{Heap before GC invocations=6 (full 1):
 PSYoungGen      total 68608K, used 5108K [0x00000000d6f00000, 0x00000000db700000, 0x0000000100000000)
  eden space 63488K, 0% used [0x00000000d6f00000,0x00000000d6f00000,0x00000000dad00000)
  from space 5120K, 99% used [0x00000000dad00000,0x00000000db1fd058,0x00000000db200000)
  to   space 5120K, 0% used [0x00000000db200000,0x00000000db200000,0x00000000db700000)
 ParOldGen       total 84992K, used 4926K [0x0000000084c00000, 0x0000000089f00000, 0x00000000d6f00000)
  object space 84992K, 5% used [0x0000000084c00000,0x00000000850cfb60,0x0000000089f00000)
 Metaspace       used 20690K, capacity 21176K, committed 21296K, reserved 1067008K
  class space    used 2679K, capacity 2833K, committed 2864K, reserved 1048576K
Event: 5.891 GC heap after
Heap after GC invocations=6 (full 1):
 PSYoungGen      total 68608K, used 0K [0x00000000d6f00000, 0x00000000db700000, 0x0000000100000000)
  eden space 63488K, 0% used [0x00000000d6f00000,0x00000000d6f00000,0x00000000dad00000)
  from space 5120K, 0% used [0x00000000dad00000,0x00000000dad00000,0x00000000db200000)
  to   space 5120K, 0% used [0x00000000db200000,0x00000000db200000,0x00000000db700000)
 ParOldGen       total 44544K, used 7560K [0x0000000084c00000, 0x0000000087780000, 0x00000000d6f00000)
  object space 44544K, 16% used [0x0000000084c00000,0x0000000085362260,0x0000000087780000)
 Metaspace       used 20690K, capacity 21176K, committed 21296K, reserved 1067008K
  class space    used 2679K, capacity 2833K, committed 2864K, reserved 1048576K
}
Event: 7.032 GC heap before
{Heap before GC invocations=7 (full 1):
 PSYoungGen      total 68608K, used 63488K [0x00000000d6f00000, 0x00000000db700000, 0x0000000100000000)
  eden space 63488K, 100% used [0x00000000d6f00000,0x00000000dad00000,0x00000000dad00000)
  from space 5120K, 0% used [0x00000000dad00000,0x00000000dad00000,0x00000000db200000)
  to   space 5120K, 0% used [0x00000000db200000,0x00000000db200000,0x00000000db700000)
 ParOldGen       total 44544K, used 7560K [0x0000000084c00000, 0x0000000087780000, 0x00000000d6f00000)
  object space 44544K, 16% used [0x0000000084c00000,0x0000000085362260,0x0000000087780000)
 Metaspace       used 24923K, capacity 25540K, committed 25648K, reserved 1071104K
  class space    used 3204K, capacity 3356K, committed 3376K, reserved 1048576K

